2012-07-05 10:58:16,026 [Thread-19] ERROR sniffer.DataBaseConnection  - ERROR: DataBaseConnection().getConnection() 
com.mysql.jdbc.exceptions.jdbc4.MySQLSyntaxErrorException: Unknown database 'ssnDBconversV3'
	at sun.reflect.NativeConstructorAccessorImpl.newInstance0(Native Method)
	at sun.reflect.NativeConstructorAccessorImpl.newInstance(NativeConstructorAccessorImpl.java:39)
	at sun.reflect.DelegatingConstructorAccessorImpl.newInstance(DelegatingConstructorAccessorImpl.java:27)
	at java.lang.reflect.Constructor.newInstance(Constructor.java:513)
	at com.mysql.jdbc.Util.handleNewInstance(Util.java:411)
	at com.mysql.jdbc.Util.getInstance(Util.java:386)
	at com.mysql.jdbc.SQLError.createSQLException(SQLError.java:1052)
	at com.mysql.jdbc.MysqlIO.checkErrorPacket(MysqlIO.java:3609)
	at com.mysql.jdbc.MysqlIO.checkErrorPacket(MysqlIO.java:3541)
	at com.mysql.jdbc.MysqlIO.checkErrorPacket(MysqlIO.java:943)
	at com.mysql.jdbc.MysqlIO.secureAuth411(MysqlIO.java:4113)
	at com.mysql.jdbc.MysqlIO.doHandshake(MysqlIO.java:1308)
	at com.mysql.jdbc.ConnectionImpl.coreConnect(ConnectionImpl.java:2336)
	at com.mysql.jdbc.ConnectionImpl.connectOneTryOnly(ConnectionImpl.java:2369)
	at com.mysql.jdbc.ConnectionImpl.createNewIO(ConnectionImpl.java:2153)
	at com.mysql.jdbc.ConnectionImpl.<init>(ConnectionImpl.java:792)
	at com.mysql.jdbc.JDBC4Connection.<init>(JDBC4Connection.java:47)
	at sun.reflect.NativeConstructorAccessorImpl.newInstance0(Native Method)
	at sun.reflect.NativeConstructorAccessorImpl.newInstance(NativeConstructorAccessorImpl.java:39)
	at sun.reflect.DelegatingConstructorAccessorImpl.newInstance(DelegatingConstructorAccessorImpl.java:27)
	at java.lang.reflect.Constructor.newInstance(Constructor.java:513)
	at com.mysql.jdbc.Util.handleNewInstance(Util.java:411)
	at com.mysql.jdbc.ConnectionImpl.getInstance(ConnectionImpl.java:381)
	at com.mysql.jdbc.NonRegisteringDriver.connect(NonRegisteringDriver.java:305)
	at java.sql.DriverManager.getConnection(DriverManager.java:582)
	at java.sql.DriverManager.getConnection(DriverManager.java:185)
	at sniffer.DataBaseConnection.getConnection(DataBaseConnection.java:65)
	at sniffer.DataBaseConnection.executeQuery(DataBaseConnection.java:99)
	at sniffer.Jobs.getJobs(Jobs.java:84)
	at sniffer.Jobs.responseJobs(Jobs.java:48)
	at sniffer.Jobs.run(Jobs.java:33)
	at java.lang.Thread.run(Thread.java:662)
2012-07-05 10:58:16,031 [Thread-19] ERROR sniffer.DataBaseConnection  - ERROR: DataBaseConnection(),getConnection() returning null
2012-07-05 10:58:16,031 [Thread-19] ERROR sniffer.DataBaseConnection  - ERROR: DataBaseConnection().executeQuery().connection is null
2012-07-05 10:58:16,031 [Thread-19] ERROR sniffer.DataBaseConnection  - ERROR: DataBaseConnection().executeQuery() 
java.lang.NullPointerException
	at sniffer.DataBaseConnection.executeQuery(DataBaseConnection.java:105)
	at sniffer.Jobs.getJobs(Jobs.java:84)
	at sniffer.Jobs.responseJobs(Jobs.java:48)
	at sniffer.Jobs.run(Jobs.java:33)
	at java.lang.Thread.run(Thread.java:662)
2012-07-05 10:58:16,031 [Thread-19] ERROR sniffer.DataBaseConnection  - ERROR: DataBaseConnection().getNumRows().rs is null 
2012-07-05 10:58:16,031 [Thread-19] ERROR sniffer.DataBaseConnection  - ERROR: DataBaseConnection().getNumRows() java.lang.NullPointerException
2012-07-05 10:58:16,031 [Thread-19] ERROR sniffer.Jobs  - ERROR: Jobs().getJobs() 
java.lang.NullPointerException
	at sniffer.Jobs.getJobs(Jobs.java:89)
	at sniffer.Jobs.responseJobs(Jobs.java:48)
	at sniffer.Jobs.run(Jobs.java:33)
	at java.lang.Thread.run(Thread.java:662)
2012-07-05 10:58:16,242 [Thread-19] ERROR jms.JMSProccessor  - send2
javax.jms.MessageNotWriteableException: [C4011]: Write message failed.
	at com.sun.messaging.jmq.jmsclient.MessageImpl.checkAndSetProperty(MessageImpl.java:793)
	at com.sun.messaging.jmq.jmsclient.MessageImpl.setStringProperty(MessageImpl.java:2036)
	at jms.JMSProccessor.sendError(JMSProccessor.java:145)
	at sniffer.Jobs.getJobs(Jobs.java:99)
	at sniffer.Jobs.responseJobs(Jobs.java:48)
	at sniffer.Jobs.run(Jobs.java:33)
	at java.lang.Thread.run(Thread.java:662)
2012-07-05 10:59:28,764 [Thread-19] ERROR sniffer.DataBaseConnection  - ERROR: DataBaseConnection().getConnection() 
com.mysql.jdbc.exceptions.jdbc4.MySQLSyntaxErrorException: Unknown database 'ssnDBconversV3'
	at sun.reflect.NativeConstructorAccessorImpl.newInstance0(Native Method)
	at sun.reflect.NativeConstructorAccessorImpl.newInstance(NativeConstructorAccessorImpl.java:39)
	at sun.reflect.DelegatingConstructorAccessorImpl.newInstance(DelegatingConstructorAccessorImpl.java:27)
	at java.lang.reflect.Constructor.newInstance(Constructor.java:513)
	at com.mysql.jdbc.Util.handleNewInstance(Util.java:411)
	at com.mysql.jdbc.Util.getInstance(Util.java:386)
	at com.mysql.jdbc.SQLError.createSQLException(SQLError.java:1052)
	at com.mysql.jdbc.MysqlIO.checkErrorPacket(MysqlIO.java:3609)
	at com.mysql.jdbc.MysqlIO.checkErrorPacket(MysqlIO.java:3541)
	at com.mysql.jdbc.MysqlIO.checkErrorPacket(MysqlIO.java:943)
	at com.mysql.jdbc.MysqlIO.secureAuth411(MysqlIO.java:4113)
	at com.mysql.jdbc.MysqlIO.doHandshake(MysqlIO.java:1308)
	at com.mysql.jdbc.ConnectionImpl.coreConnect(ConnectionImpl.java:2336)
	at com.mysql.jdbc.ConnectionImpl.connectOneTryOnly(ConnectionImpl.java:2369)
	at com.mysql.jdbc.ConnectionImpl.createNewIO(ConnectionImpl.java:2153)
	at com.mysql.jdbc.ConnectionImpl.<init>(ConnectionImpl.java:792)
	at com.mysql.jdbc.JDBC4Connection.<init>(JDBC4Connection.java:47)
	at sun.reflect.NativeConstructorAccessorImpl.newInstance0(Native Method)
	at sun.reflect.NativeConstructorAccessorImpl.newInstance(NativeConstructorAccessorImpl.java:39)
	at sun.reflect.DelegatingConstructorAccessorImpl.newInstance(DelegatingConstructorAccessorImpl.java:27)
	at java.lang.reflect.Constructor.newInstance(Constructor.java:513)
	at com.mysql.jdbc.Util.handleNewInstance(Util.java:411)
	at com.mysql.jdbc.ConnectionImpl.getInstance(ConnectionImpl.java:381)
	at com.mysql.jdbc.NonRegisteringDriver.connect(NonRegisteringDriver.java:305)
	at java.sql.DriverManager.getConnection(DriverManager.java:582)
	at java.sql.DriverManager.getConnection(DriverManager.java:185)
	at sniffer.DataBaseConnection.getConnection(DataBaseConnection.java:65)
	at sniffer.DataBaseConnection.executeQuery(DataBaseConnection.java:99)
	at sniffer.Jobs.getJobs(Jobs.java:84)
	at sniffer.Jobs.responseJobs(Jobs.java:48)
	at sniffer.Jobs.run(Jobs.java:33)
	at java.lang.Thread.run(Thread.java:662)
2012-07-05 10:59:28,768 [Thread-19] ERROR sniffer.DataBaseConnection  - ERROR: DataBaseConnection(),getConnection() returning null
2012-07-05 10:59:28,769 [Thread-19] ERROR sniffer.DataBaseConnection  - ERROR: DataBaseConnection().executeQuery().connection is null
2012-07-05 10:59:28,769 [Thread-19] ERROR sniffer.DataBaseConnection  - ERROR: DataBaseConnection().executeQuery() 
java.lang.NullPointerException
	at sniffer.DataBaseConnection.executeQuery(DataBaseConnection.java:105)
	at sniffer.Jobs.getJobs(Jobs.java:84)
	at sniffer.Jobs.responseJobs(Jobs.java:48)
	at sniffer.Jobs.run(Jobs.java:33)
	at java.lang.Thread.run(Thread.java:662)
2012-07-05 10:59:28,769 [Thread-19] ERROR sniffer.DataBaseConnection  - ERROR: DataBaseConnection().getNumRows().rs is null 
2012-07-05 10:59:28,770 [Thread-19] ERROR sniffer.DataBaseConnection  - ERROR: DataBaseConnection().getNumRows() java.lang.NullPointerException
2012-07-05 10:59:28,770 [Thread-19] ERROR sniffer.Jobs  - ERROR: Jobs().getJobs() 
java.lang.NullPointerException
	at sniffer.Jobs.getJobs(Jobs.java:89)
	at sniffer.Jobs.responseJobs(Jobs.java:48)
	at sniffer.Jobs.run(Jobs.java:33)
	at java.lang.Thread.run(Thread.java:662)
2012-07-05 10:59:28,942 [Thread-19] ERROR jms.JMSProccessor  - send2
javax.jms.MessageNotWriteableException: [C4011]: Write message failed.
	at com.sun.messaging.jmq.jmsclient.MessageImpl.checkAndSetProperty(MessageImpl.java:793)
	at com.sun.messaging.jmq.jmsclient.MessageImpl.setStringProperty(MessageImpl.java:2036)
	at jms.JMSProccessor.sendError(JMSProccessor.java:145)
	at sniffer.Jobs.getJobs(Jobs.java:99)
	at sniffer.Jobs.responseJobs(Jobs.java:48)
	at sniffer.Jobs.run(Jobs.java:33)
	at java.lang.Thread.run(Thread.java:662)
2012-07-05 11:00:55,071 [Thread-19] ERROR sniffer.DataBaseConnection  - ERROR: DataBaseConnection().getConnection() 
java.sql.SQLException: null,  message from server: "Host '192.168.208.15' is not allowed to connect to this MySQL server"
	at com.mysql.jdbc.SQLError.createSQLException(SQLError.java:1073)
	at com.mysql.jdbc.SQLError.createSQLException(SQLError.java:987)
	at com.mysql.jdbc.SQLError.createSQLException(SQLError.java:982)
	at com.mysql.jdbc.MysqlIO.doHandshake(MysqlIO.java:1128)
	at com.mysql.jdbc.ConnectionImpl.coreConnect(ConnectionImpl.java:2336)
	at com.mysql.jdbc.ConnectionImpl.connectOneTryOnly(ConnectionImpl.java:2369)
	at com.mysql.jdbc.ConnectionImpl.createNewIO(ConnectionImpl.java:2153)
	at com.mysql.jdbc.ConnectionImpl.<init>(ConnectionImpl.java:792)
	at com.mysql.jdbc.JDBC4Connection.<init>(JDBC4Connection.java:47)
	at sun.reflect.NativeConstructorAccessorImpl.newInstance0(Native Method)
	at sun.reflect.NativeConstructorAccessorImpl.newInstance(NativeConstructorAccessorImpl.java:39)
	at sun.reflect.DelegatingConstructorAccessorImpl.newInstance(DelegatingConstructorAccessorImpl.java:27)
	at java.lang.reflect.Constructor.newInstance(Constructor.java:513)
	at com.mysql.jdbc.Util.handleNewInstance(Util.java:411)
	at com.mysql.jdbc.ConnectionImpl.getInstance(ConnectionImpl.java:381)
	at com.mysql.jdbc.NonRegisteringDriver.connect(NonRegisteringDriver.java:305)
	at java.sql.DriverManager.getConnection(DriverManager.java:582)
	at java.sql.DriverManager.getConnection(DriverManager.java:185)
	at sniffer.DataBaseConnection.getConnection(DataBaseConnection.java:65)
	at sniffer.DataBaseConnection.executeQuery(DataBaseConnection.java:99)
	at sniffer.Jobs.getJobs(Jobs.java:84)
	at sniffer.Jobs.responseJobs(Jobs.java:48)
	at sniffer.Jobs.run(Jobs.java:33)
	at java.lang.Thread.run(Thread.java:662)
2012-07-05 11:00:55,073 [Thread-19] ERROR sniffer.DataBaseConnection  - ERROR: DataBaseConnection(),getConnection() returning null
2012-07-05 11:00:55,073 [Thread-19] ERROR sniffer.DataBaseConnection  - ERROR: DataBaseConnection().executeQuery().connection is null
2012-07-05 11:00:55,073 [Thread-19] ERROR sniffer.DataBaseConnection  - ERROR: DataBaseConnection().executeQuery() 
java.lang.NullPointerException
	at sniffer.DataBaseConnection.executeQuery(DataBaseConnection.java:105)
	at sniffer.Jobs.getJobs(Jobs.java:84)
	at sniffer.Jobs.responseJobs(Jobs.java:48)
	at sniffer.Jobs.run(Jobs.java:33)
	at java.lang.Thread.run(Thread.java:662)
2012-07-05 11:00:55,073 [Thread-19] ERROR sniffer.DataBaseConnection  - ERROR: DataBaseConnection().getNumRows().rs is null 
2012-07-05 11:00:55,073 [Thread-19] ERROR sniffer.DataBaseConnection  - ERROR: DataBaseConnection().getNumRows() java.lang.NullPointerException
2012-07-05 11:00:55,073 [Thread-19] ERROR sniffer.Jobs  - ERROR: Jobs().getJobs() 
java.lang.NullPointerException
	at sniffer.Jobs.getJobs(Jobs.java:89)
	at sniffer.Jobs.responseJobs(Jobs.java:48)
	at sniffer.Jobs.run(Jobs.java:33)
	at java.lang.Thread.run(Thread.java:662)
2012-07-05 11:00:55,200 [Thread-19] ERROR jms.JMSProccessor  - send2
javax.jms.MessageNotWriteableException: [C4011]: Write message failed.
	at com.sun.messaging.jmq.jmsclient.MessageImpl.checkAndSetProperty(MessageImpl.java:793)
	at com.sun.messaging.jmq.jmsclient.MessageImpl.setStringProperty(MessageImpl.java:2036)
	at jms.JMSProccessor.sendError(JMSProccessor.java:145)
	at sniffer.Jobs.getJobs(Jobs.java:99)
	at sniffer.Jobs.responseJobs(Jobs.java:48)
	at sniffer.Jobs.run(Jobs.java:33)
	at java.lang.Thread.run(Thread.java:662)
2012-07-05 11:02:39,600 [Thread-19] ERROR sniffer.DataBaseConnection  - ERROR: DataBaseConnection().getConnection() 
com.mysql.jdbc.exceptions.jdbc4.MySQLSyntaxErrorException: Unknown database 'ssnDBconversV5'
	at sun.reflect.NativeConstructorAccessorImpl.newInstance0(Native Method)
	at sun.reflect.NativeConstructorAccessorImpl.newInstance(NativeConstructorAccessorImpl.java:39)
	at sun.reflect.DelegatingConstructorAccessorImpl.newInstance(DelegatingConstructorAccessorImpl.java:27)
	at java.lang.reflect.Constructor.newInstance(Constructor.java:513)
	at com.mysql.jdbc.Util.handleNewInstance(Util.java:411)
	at com.mysql.jdbc.Util.getInstance(Util.java:386)
	at com.mysql.jdbc.SQLError.createSQLException(SQLError.java:1052)
	at com.mysql.jdbc.MysqlIO.checkErrorPacket(MysqlIO.java:3609)
	at com.mysql.jdbc.MysqlIO.checkErrorPacket(MysqlIO.java:3541)
	at com.mysql.jdbc.MysqlIO.checkErrorPacket(MysqlIO.java:943)
	at com.mysql.jdbc.MysqlIO.secureAuth411(MysqlIO.java:4113)
	at com.mysql.jdbc.MysqlIO.doHandshake(MysqlIO.java:1308)
	at com.mysql.jdbc.ConnectionImpl.coreConnect(ConnectionImpl.java:2336)
	at com.mysql.jdbc.ConnectionImpl.connectOneTryOnly(ConnectionImpl.java:2369)
	at com.mysql.jdbc.ConnectionImpl.createNewIO(ConnectionImpl.java:2153)
	at com.mysql.jdbc.ConnectionImpl.<init>(ConnectionImpl.java:792)
	at com.mysql.jdbc.JDBC4Connection.<init>(JDBC4Connection.java:47)
	at sun.reflect.NativeConstructorAccessorImpl.newInstance0(Native Method)
	at sun.reflect.NativeConstructorAccessorImpl.newInstance(NativeConstructorAccessorImpl.java:39)
	at sun.reflect.DelegatingConstructorAccessorImpl.newInstance(DelegatingConstructorAccessorImpl.java:27)
	at java.lang.reflect.Constructor.newInstance(Constructor.java:513)
	at com.mysql.jdbc.Util.handleNewInstance(Util.java:411)
	at com.mysql.jdbc.ConnectionImpl.getInstance(ConnectionImpl.java:381)
	at com.mysql.jdbc.NonRegisteringDriver.connect(NonRegisteringDriver.java:305)
	at java.sql.DriverManager.getConnection(DriverManager.java:582)
	at java.sql.DriverManager.getConnection(DriverManager.java:185)
	at sniffer.DataBaseConnection.getConnection(DataBaseConnection.java:65)
	at sniffer.DataBaseConnection.executeQuery(DataBaseConnection.java:99)
	at sniffer.Jobs.getJobs(Jobs.java:84)
	at sniffer.Jobs.responseJobs(Jobs.java:48)
	at sniffer.Jobs.run(Jobs.java:33)
	at java.lang.Thread.run(Thread.java:662)
2012-07-05 11:02:39,604 [Thread-19] ERROR sniffer.DataBaseConnection  - ERROR: DataBaseConnection(),getConnection() returning null
2012-07-05 11:02:39,604 [Thread-19] ERROR sniffer.DataBaseConnection  - ERROR: DataBaseConnection().executeQuery().connection is null
2012-07-05 11:02:39,604 [Thread-19] ERROR sniffer.DataBaseConnection  - ERROR: DataBaseConnection().executeQuery() 
java.lang.NullPointerException
	at sniffer.DataBaseConnection.executeQuery(DataBaseConnection.java:105)
	at sniffer.Jobs.getJobs(Jobs.java:84)
	at sniffer.Jobs.responseJobs(Jobs.java:48)
	at sniffer.Jobs.run(Jobs.java:33)
	at java.lang.Thread.run(Thread.java:662)
2012-07-05 11:02:39,610 [Thread-19] ERROR sniffer.DataBaseConnection  - ERROR: DataBaseConnection().getNumRows().rs is null 
2012-07-05 11:02:39,610 [Thread-19] ERROR sniffer.DataBaseConnection  - ERROR: DataBaseConnection().getNumRows() java.lang.NullPointerException
2012-07-05 11:02:39,610 [Thread-19] ERROR sniffer.Jobs  - ERROR: Jobs().getJobs() 
java.lang.NullPointerException
	at sniffer.Jobs.getJobs(Jobs.java:89)
	at sniffer.Jobs.responseJobs(Jobs.java:48)
	at sniffer.Jobs.run(Jobs.java:33)
	at java.lang.Thread.run(Thread.java:662)
2012-07-05 11:02:39,816 [Thread-19] ERROR jms.JMSProccessor  - send2
javax.jms.MessageNotWriteableException: [C4011]: Write message failed.
	at com.sun.messaging.jmq.jmsclient.MessageImpl.checkAndSetProperty(MessageImpl.java:793)
	at com.sun.messaging.jmq.jmsclient.MessageImpl.setStringProperty(MessageImpl.java:2036)
	at jms.JMSProccessor.sendError(JMSProccessor.java:145)
	at sniffer.Jobs.getJobs(Jobs.java:99)
	at sniffer.Jobs.responseJobs(Jobs.java:48)
	at sniffer.Jobs.run(Jobs.java:33)
	at java.lang.Thread.run(Thread.java:662)
2012-07-05 11:03:45,324 [Thread-19] ERROR sniffer.DataBaseConnection  - ERROR: DataBaseConnection().getConnection() 
java.sql.SQLException: Access denied for user 'root'@'192.168.208.15' (using password: YES)
	at com.mysql.jdbc.SQLError.createSQLException(SQLError.java:1073)
	at com.mysql.jdbc.MysqlIO.checkErrorPacket(MysqlIO.java:3609)
	at com.mysql.jdbc.MysqlIO.checkErrorPacket(MysqlIO.java:3541)
	at com.mysql.jdbc.MysqlIO.checkErrorPacket(MysqlIO.java:943)
	at com.mysql.jdbc.MysqlIO.secureAuth411(MysqlIO.java:4113)
	at com.mysql.jdbc.MysqlIO.doHandshake(MysqlIO.java:1308)
	at com.mysql.jdbc.ConnectionImpl.coreConnect(ConnectionImpl.java:2336)
	at com.mysql.jdbc.ConnectionImpl.connectOneTryOnly(ConnectionImpl.java:2369)
	at com.mysql.jdbc.ConnectionImpl.createNewIO(ConnectionImpl.java:2153)
	at com.mysql.jdbc.ConnectionImpl.<init>(ConnectionImpl.java:792)
	at com.mysql.jdbc.JDBC4Connection.<init>(JDBC4Connection.java:47)
	at sun.reflect.NativeConstructorAccessorImpl.newInstance0(Native Method)
	at sun.reflect.NativeConstructorAccessorImpl.newInstance(NativeConstructorAccessorImpl.java:39)
	at sun.reflect.DelegatingConstructorAccessorImpl.newInstance(DelegatingConstructorAccessorImpl.java:27)
	at java.lang.reflect.Constructor.newInstance(Constructor.java:513)
	at com.mysql.jdbc.Util.handleNewInstance(Util.java:411)
	at com.mysql.jdbc.ConnectionImpl.getInstance(ConnectionImpl.java:381)
	at com.mysql.jdbc.NonRegisteringDriver.connect(NonRegisteringDriver.java:305)
	at java.sql.DriverManager.getConnection(DriverManager.java:582)
	at java.sql.DriverManager.getConnection(DriverManager.java:185)
	at sniffer.DataBaseConnection.getConnection(DataBaseConnection.java:65)
	at sniffer.DataBaseConnection.executeQuery(DataBaseConnection.java:99)
	at sniffer.Jobs.getJobs(Jobs.java:84)
	at sniffer.Jobs.responseJobs(Jobs.java:48)
	at sniffer.Jobs.run(Jobs.java:33)
	at java.lang.Thread.run(Thread.java:662)
2012-07-05 11:03:45,328 [Thread-19] ERROR sniffer.DataBaseConnection  - ERROR: DataBaseConnection(),getConnection() returning null
2012-07-05 11:03:45,329 [Thread-19] ERROR sniffer.DataBaseConnection  - ERROR: DataBaseConnection().executeQuery().connection is null
2012-07-05 11:03:45,329 [Thread-19] ERROR sniffer.DataBaseConnection  - ERROR: DataBaseConnection().executeQuery() 
java.lang.NullPointerException
	at sniffer.DataBaseConnection.executeQuery(DataBaseConnection.java:105)
	at sniffer.Jobs.getJobs(Jobs.java:84)
	at sniffer.Jobs.responseJobs(Jobs.java:48)
	at sniffer.Jobs.run(Jobs.java:33)
	at java.lang.Thread.run(Thread.java:662)
2012-07-05 11:03:45,329 [Thread-19] ERROR sniffer.DataBaseConnection  - ERROR: DataBaseConnection().getNumRows().rs is null 
2012-07-05 11:03:45,329 [Thread-19] ERROR sniffer.DataBaseConnection  - ERROR: DataBaseConnection().getNumRows() java.lang.NullPointerException
2012-07-05 11:03:45,329 [Thread-19] ERROR sniffer.Jobs  - ERROR: Jobs().getJobs() 
java.lang.NullPointerException
	at sniffer.Jobs.getJobs(Jobs.java:89)
	at sniffer.Jobs.responseJobs(Jobs.java:48)
	at sniffer.Jobs.run(Jobs.java:33)
	at java.lang.Thread.run(Thread.java:662)
2012-07-05 11:03:45,505 [Thread-19] ERROR jms.JMSProccessor  - send2
javax.jms.MessageNotWriteableException: [C4011]: Write message failed.
	at com.sun.messaging.jmq.jmsclient.MessageImpl.checkAndSetProperty(MessageImpl.java:793)
	at com.sun.messaging.jmq.jmsclient.MessageImpl.setStringProperty(MessageImpl.java:2036)
	at jms.JMSProccessor.sendError(JMSProccessor.java:145)
	at sniffer.Jobs.getJobs(Jobs.java:99)
	at sniffer.Jobs.responseJobs(Jobs.java:48)
	at sniffer.Jobs.run(Jobs.java:33)
	at java.lang.Thread.run(Thread.java:662)
2012-07-05 11:04:17,020 [Thread-19] ERROR sniffer.DataBaseConnection  - ERROR: DataBaseConnection().getConnection() 
java.sql.SQLException: Access denied for user 'root'@'192.168.208.15' (using password: YES)
	at com.mysql.jdbc.SQLError.createSQLException(SQLError.java:1073)
	at com.mysql.jdbc.MysqlIO.checkErrorPacket(MysqlIO.java:3609)
	at com.mysql.jdbc.MysqlIO.checkErrorPacket(MysqlIO.java:3541)
	at com.mysql.jdbc.MysqlIO.checkErrorPacket(MysqlIO.java:943)
	at com.mysql.jdbc.MysqlIO.secureAuth411(MysqlIO.java:4113)
	at com.mysql.jdbc.MysqlIO.doHandshake(MysqlIO.java:1308)
	at com.mysql.jdbc.ConnectionImpl.coreConnect(ConnectionImpl.java:2336)
	at com.mysql.jdbc.ConnectionImpl.connectOneTryOnly(ConnectionImpl.java:2369)
	at com.mysql.jdbc.ConnectionImpl.createNewIO(ConnectionImpl.java:2153)
	at com.mysql.jdbc.ConnectionImpl.<init>(ConnectionImpl.java:792)
	at com.mysql.jdbc.JDBC4Connection.<init>(JDBC4Connection.java:47)
	at sun.reflect.NativeConstructorAccessorImpl.newInstance0(Native Method)
	at sun.reflect.NativeConstructorAccessorImpl.newInstance(NativeConstructorAccessorImpl.java:39)
	at sun.reflect.DelegatingConstructorAccessorImpl.newInstance(DelegatingConstructorAccessorImpl.java:27)
	at java.lang.reflect.Constructor.newInstance(Constructor.java:513)
	at com.mysql.jdbc.Util.handleNewInstance(Util.java:411)
	at com.mysql.jdbc.ConnectionImpl.getInstance(ConnectionImpl.java:381)
	at com.mysql.jdbc.NonRegisteringDriver.connect(NonRegisteringDriver.java:305)
	at java.sql.DriverManager.getConnection(DriverManager.java:582)
	at java.sql.DriverManager.getConnection(DriverManager.java:185)
	at sniffer.DataBaseConnection.getConnection(DataBaseConnection.java:65)
	at sniffer.DataBaseConnection.executeQuery(DataBaseConnection.java:99)
	at sniffer.Jobs.getJobs(Jobs.java:84)
	at sniffer.Jobs.responseJobs(Jobs.java:48)
	at sniffer.Jobs.run(Jobs.java:33)
	at java.lang.Thread.run(Thread.java:662)
2012-07-05 11:04:17,025 [Thread-19] ERROR sniffer.DataBaseConnection  - ERROR: DataBaseConnection(),getConnection() returning null
2012-07-05 11:04:17,025 [Thread-19] ERROR sniffer.DataBaseConnection  - ERROR: DataBaseConnection().executeQuery().connection is null
2012-07-05 11:04:17,025 [Thread-19] ERROR sniffer.DataBaseConnection  - ERROR: DataBaseConnection().executeQuery() 
java.lang.NullPointerException
	at sniffer.DataBaseConnection.executeQuery(DataBaseConnection.java:105)
	at sniffer.Jobs.getJobs(Jobs.java:84)
	at sniffer.Jobs.responseJobs(Jobs.java:48)
	at sniffer.Jobs.run(Jobs.java:33)
	at java.lang.Thread.run(Thread.java:662)
2012-07-05 11:04:17,026 [Thread-19] ERROR sniffer.DataBaseConnection  - ERROR: DataBaseConnection().getNumRows().rs is null 
2012-07-05 11:04:17,026 [Thread-19] ERROR sniffer.DataBaseConnection  - ERROR: DataBaseConnection().getNumRows() java.lang.NullPointerException
2012-07-05 11:04:17,026 [Thread-19] ERROR sniffer.Jobs  - ERROR: Jobs().getJobs() 
java.lang.NullPointerException
	at sniffer.Jobs.getJobs(Jobs.java:89)
	at sniffer.Jobs.responseJobs(Jobs.java:48)
	at sniffer.Jobs.run(Jobs.java:33)
	at java.lang.Thread.run(Thread.java:662)
2012-07-05 11:04:17,172 [Thread-19] ERROR jms.JMSProccessor  - send2
javax.jms.MessageNotWriteableException: [C4011]: Write message failed.
	at com.sun.messaging.jmq.jmsclient.MessageImpl.checkAndSetProperty(MessageImpl.java:793)
	at com.sun.messaging.jmq.jmsclient.MessageImpl.setStringProperty(MessageImpl.java:2036)
	at jms.JMSProccessor.sendError(JMSProccessor.java:145)
	at sniffer.Jobs.getJobs(Jobs.java:99)
	at sniffer.Jobs.responseJobs(Jobs.java:48)
	at sniffer.Jobs.run(Jobs.java:33)
	at java.lang.Thread.run(Thread.java:662)
2012-07-05 12:14:52,172 [Thread-12] ERROR modeling.Chains  - Chains.run
java.lang.NullPointerException
	at modeling.Chains.run(Chains.java:33)
	at java.lang.Thread.run(Thread.java:662)
2012-07-05 12:16:57,938 [Thread-12] ERROR modeling.Chains  - Chains.run
java.lang.NullPointerException
	at modeling.Chains.run(Chains.java:33)
	at java.lang.Thread.run(Thread.java:662)
